<?xml version="1.0" encoding="UTF-8"?>
<!-- Generated by org.testng.reporters.JUnitReportReporter -->
<testsuite hostname="DESKTOP-QK082SQ" failures="0" tests="2" name="Sauc_Test.NewTest" time="85.449" errors="0" timestamp="2020-03-25T08:08:29 IST" skipped="0">
  <testcase classname="Sauc_Test.NewTest" name="test1" time="37.267"/>
  <testcase classname="Sauc_Test.NewTest" name="test1" time="48.182"/>
</testsuite> <!-- Sauc_Test.NewTest -->
